{
"/Users/cokelas/Documents/Client/SmartCampus/www/js/app.js":{"path":"/Users/cokelas/Documents/Client/SmartCampus/www/js/app.js","b":{"1":[0,9],"2":[9,0],"3":[0,9]},"statementMap":{"1":{"start":{"column":0,"line":6},"end":{"column":5,"line":33}},"2":{"start":{"column":4,"line":8},"end":{"column":7,"line":32}},"3":{"start":{"column":6,"line":11},"end":{"column":9,"line":17}},"4":{"start":{"column":6,"line":19},"end":{"column":7,"line":28}},"5":{"start":{"column":8,"line":22},"end":{"column":64,"line":22}},"6":{"start":{"column":8,"line":27},"end":{"column":53,"line":27}},"7":{"start":{"column":6,"line":29},"end":{"column":7,"line":31}},"8":{"start":{"column":8,"line":30},"end":{"column":33,"line":30}}},"s":{"1":9,"2":9,"3":9,"4":9,"5":0,"6":0,"7":9,"8":0},"fnMap":{"1":{"name":"(anonymous_1)","loc":{"start":{"column":7,"line":7},"end":{"column":44,"line":7}},"line":7},"2":{"name":"(anonymous_2)","loc":{"start":{"column":25,"line":8},"end":{"column":36,"line":8}},"line":8}},"f":{"1":9,"2":9},"branchMap":{"1":{"locations":[{"start":{"column":6,"line":19},"end":{"column":6,"line":19}},{"start":{"column":6,"line":19},"end":{"column":6,"line":19}}],"type":"if","line":19},"2":{"locations":[{"start":{"column":10,"line":19},"end":{"column":24,"line":19}},{"start":{"column":28,"line":19},"end":{"column":59,"line":19}}],"type":"binary-expr","line":19},"3":{"locations":[{"start":{"column":6,"line":29},"end":{"column":6,"line":29}},{"start":{"column":6,"line":29},"end":{"column":6,"line":29}}],"type":"if","line":29}},"l":{"6":9,"8":9,"11":9,"19":9,"22":0,"27":0,"29":9,"30":0}},
"/Users/cokelas/Documents/Client/SmartCampus/www/js/misc.js":{"path":"/Users/cokelas/Documents/Client/SmartCampus/www/js/misc.js","b":{},"statementMap":{"1":{"start":{"column":0,"line":1},"end":{"column":3,"line":28}},"2":{"start":{"column":2,"line":8},"end":{"column":4,"line":27}},"3":{"start":{"column":4,"line":9},"end":{"column":7,"line":26}},"4":{"start":{"column":8,"line":20},"end":{"column":33,"line":20}},"5":{"start":{"column":8,"line":23},"end":{"column":45,"line":23}},"6":{"start":{"column":8,"line":24},"end":{"column":20,"line":24}}},"s":{"1":9,"2":9,"3":1,"4":0,"5":0,"6":0},"fnMap":{"1":{"name":"(anonymous_1)","loc":{"start":{"column":23,"line":6},"end":{"column":59,"line":6}},"line":6},"2":{"name":"(anonymous_2)","loc":{"start":{"column":27,"line":8},"end":{"column":38,"line":8}},"line":8},"3":{"name":"(anonymous_3)","loc":{"start":{"column":14,"line":19},"end":{"column":25,"line":19}},"line":19},"4":{"name":"(anonymous_4)","loc":{"start":{"column":21,"line":22},"end":{"column":37,"line":22}},"line":22}},"f":{"1":9,"2":1,"3":0,"4":0},"branchMap":{},"l":{"1":9,"8":9,"9":1,"20":0,"23":0,"24":0}},
"/Users/cokelas/Documents/Client/SmartCampus/www/js/menus.js":{"path":"/Users/cokelas/Documents/Client/SmartCampus/www/js/menus.js","b":{"1":[0,0],"2":[0,0]},"statementMap":{"1":{"start":{"column":0,"line":1},"end":{"column":3,"line":118}},"2":{"start":{"column":2,"line":4},"end":{"column":5,"line":9}},"3":{"start":{"column":4,"line":8},"end":{"column":25,"line":8}},"4":{"start":{"column":2,"line":11},"end":{"column":4,"line":13}},"5":{"start":{"column":4,"line":12},"end":{"column":24,"line":12}},"6":{"start":{"column":2,"line":14},"end":{"column":4,"line":16}},"7":{"start":{"column":4,"line":15},"end":{"column":24,"line":15}},"8":{"start":{"column":2,"line":19},"end":{"column":5,"line":21}},"9":{"start":{"column":4,"line":20},"end":{"column":26,"line":20}},"10":{"start":{"column":2,"line":23},"end":{"column":5,"line":25}},"11":{"start":{"column":2,"line":27},"end":{"column":5,"line":29}},"12":{"start":{"column":2,"line":33},"end":{"column":4,"line":40}},"13":{"start":{"column":2,"line":42},"end":{"column":5,"line":47}},"14":{"start":{"column":4,"line":46},"end":{"column":25,"line":46}},"15":{"start":{"column":2,"line":50},"end":{"column":4,"line":55}},"16":{"start":{"column":4,"line":51},"end":{"column":41,"line":51}},"17":{"start":{"column":4,"line":52},"end":{"column":5,"line":54}},"18":{"start":{"column":6,"line":53},"end":{"column":43,"line":53}},"19":{"start":{"column":2,"line":57},"end":{"column":4,"line":62}},"20":{"start":{"column":4,"line":58},"end":{"column":41,"line":58}},"21":{"start":{"column":4,"line":59},"end":{"column":5,"line":61}},"22":{"start":{"column":6,"line":60},"end":{"column":43,"line":60}},"23":{"start":{"column":2,"line":65},"end":{"column":4,"line":67}},"24":{"start":{"column":4,"line":66},"end":{"column":24,"line":66}},"25":{"start":{"column":2,"line":68},"end":{"column":4,"line":70}},"26":{"start":{"column":4,"line":69},"end":{"column":24,"line":69}},"27":{"start":{"column":2,"line":73},"end":{"column":5,"line":75}},"28":{"start":{"column":4,"line":74},"end":{"column":26,"line":74}},"29":{"start":{"column":2,"line":77},"end":{"column":5,"line":79}},"30":{"start":{"column":2,"line":81},"end":{"column":5,"line":83}},"31":{"start":{"column":2,"line":87},"end":{"column":5,"line":93}},"32":{"start":{"column":4,"line":92},"end":{"column":25,"line":92}},"33":{"start":{"column":2,"line":95},"end":{"column":4,"line":99}},"34":{"start":{"column":4,"line":97},"end":{"column":38,"line":97}},"35":{"start":{"column":4,"line":98},"end":{"column":24,"line":98}},"36":{"start":{"column":2,"line":100},"end":{"column":4,"line":104}},"37":{"start":{"column":4,"line":102},"end":{"column":38,"line":102}},"38":{"start":{"column":4,"line":103},"end":{"column":24,"line":103}},"39":{"start":{"column":2,"line":107},"end":{"column":5,"line":109}},"40":{"start":{"column":4,"line":108},"end":{"column":26,"line":108}},"41":{"start":{"column":2,"line":111},"end":{"column":5,"line":113}},"42":{"start":{"column":2,"line":115},"end":{"column":5,"line":117}}},"s":{"1":9,"2":9,"3":9,"4":9,"5":2,"6":9,"7":1,"8":9,"9":0,"10":9,"11":9,"12":0,"13":0,"14":0,"15":0,"16":0,"17":0,"18":0,"19":0,"20":0,"21":0,"22":0,"23":0,"24":0,"25":0,"26":0,"27":0,"28":0,"29":0,"30":0,"31":9,"32":9,"33":9,"34":2,"35":2,"36":9,"37":1,"38":1,"39":9,"40":0,"41":9,"42":9},"fnMap":{"1":{"name":"(anonymous_1)","loc":{"start":{"column":32,"line":3},"end":{"column":62,"line":3}},"line":3},"2":{"name":"(anonymous_2)","loc":{"start":{"column":10,"line":7},"end":{"column":26,"line":7}},"line":7},"3":{"name":"(anonymous_3)","loc":{"start":{"column":21,"line":11},"end":{"column":32,"line":11}},"line":11},"4":{"name":"(anonymous_4)","loc":{"start":{"column":22,"line":14},"end":{"column":33,"line":14}},"line":14},"5":{"name":"(anonymous_5)","loc":{"start":{"column":25,"line":19},"end":{"column":36,"line":19}},"line":19},"6":{"name":"(anonymous_6)","loc":{"start":{"column":29,"line":23},"end":{"column":40,"line":23}},"line":23},"7":{"name":"(anonymous_7)","loc":{"start":{"column":30,"line":27},"end":{"column":41,"line":27}},"line":27},"8":{"name":"(anonymous_8)","loc":{"start":{"column":39,"line":32},"end":{"column":69,"line":32}},"line":32},"9":{"name":"(anonymous_9)","loc":{"start":{"column":10,"line":45},"end":{"column":26,"line":45}},"line":45},"10":{"name":"(anonymous_10)","loc":{"start":{"column":27,"line":50},"end":{"column":38,"line":50}},"line":50},"11":{"name":"(anonymous_11)","loc":{"start":{"column":27,"line":57},"end":{"column":38,"line":57}},"line":57},"12":{"name":"(anonymous_12)","loc":{"start":{"column":21,"line":65},"end":{"column":32,"line":65}},"line":65},"13":{"name":"(anonymous_13)","loc":{"start":{"column":22,"line":68},"end":{"column":33,"line":68}},"line":68},"14":{"name":"(anonymous_14)","loc":{"start":{"column":25,"line":73},"end":{"column":36,"line":73}},"line":73},"15":{"name":"(anonymous_15)","loc":{"start":{"column":29,"line":77},"end":{"column":40,"line":77}},"line":77},"16":{"name":"(anonymous_16)","loc":{"start":{"column":30,"line":81},"end":{"column":41,"line":81}},"line":81},"17":{"name":"(anonymous_17)","loc":{"start":{"column":29,"line":86},"end":{"column":71,"line":86}},"line":86},"18":{"name":"(anonymous_18)","loc":{"start":{"column":10,"line":91},"end":{"column":26,"line":91}},"line":91},"19":{"name":"(anonymous_19)","loc":{"start":{"column":21,"line":95},"end":{"column":32,"line":95}},"line":95},"20":{"name":"(anonymous_20)","loc":{"start":{"column":22,"line":100},"end":{"column":33,"line":100}},"line":100},"21":{"name":"(anonymous_21)","loc":{"start":{"column":25,"line":107},"end":{"column":36,"line":107}},"line":107},"22":{"name":"(anonymous_22)","loc":{"start":{"column":29,"line":111},"end":{"column":40,"line":111}},"line":111},"23":{"name":"(anonymous_23)","loc":{"start":{"column":30,"line":115},"end":{"column":41,"line":115}},"line":115}},"f":{"1":9,"2":9,"3":2,"4":1,"5":0,"6":1,"7":0,"8":0,"9":0,"10":0,"11":0,"12":0,"13":0,"14":0,"15":0,"16":0,"17":9,"18":9,"19":2,"20":1,"21":0,"22":1,"23":0},"branchMap":{"1":{"locations":[{"start":{"column":4,"line":52},"end":{"column":4,"line":52}},{"start":{"column":4,"line":52},"end":{"column":4,"line":52}}],"type":"if","line":52},"2":{"locations":[{"start":{"column":4,"line":59},"end":{"column":4,"line":59}},{"start":{"column":4,"line":59},"end":{"column":4,"line":59}}],"type":"if","line":59}},"l":{"1":9,"4":9,"8":9,"11":9,"12":2,"14":9,"15":1,"19":9,"20":0,"23":9,"27":9,"33":0,"42":0,"46":0,"50":0,"51":0,"52":0,"53":0,"57":0,"58":0,"59":0,"60":0,"65":0,"66":0,"68":0,"69":0,"73":0,"74":0,"77":0,"81":0,"87":9,"92":9,"95":9,"97":2,"98":2,"100":9,"102":1,"103":1,"107":9,"108":0,"111":9,"115":9}},
"/Users/cokelas/Documents/Client/SmartCampus/www/js/ButtonsCtrl.js":{"path":"/Users/cokelas/Documents/Client/SmartCampus/www/js/ButtonsCtrl.js","b":{"1":[0,1],"2":[0,1]},"statementMap":{"1":{"start":{"column":0,"line":2},"end":{"column":3,"line":123}},"2":{"start":{"column":2,"line":14},"end":{"column":17,"line":14}},"3":{"start":{"column":2,"line":15},"end":{"column":17,"line":15}},"4":{"start":{"column":2,"line":23},"end":{"column":31,"line":23}},"5":{"start":{"column":2,"line":24},"end":{"column":21,"line":24}},"6":{"start":{"column":2,"line":31},"end":{"column":4,"line":35}},"7":{"start":{"column":4,"line":32},"end":{"column":25,"line":32}},"8":{"start":{"column":4,"line":33},"end":{"column":25,"line":33}},"9":{"start":{"column":4,"line":34},"end":{"column":20,"line":34}},"10":{"start":{"column":2,"line":40},"end":{"column":4,"line":44}},"11":{"start":{"column":4,"line":41},"end":{"column":25,"line":41}},"12":{"start":{"column":4,"line":42},"end":{"column":25,"line":42}},"13":{"start":{"column":4,"line":43},"end":{"column":20,"line":43}},"14":{"start":{"column":2,"line":49},"end":{"column":4,"line":53}},"15":{"start":{"column":4,"line":50},"end":{"column":25,"line":50}},"16":{"start":{"column":4,"line":51},"end":{"column":25,"line":51}},"17":{"start":{"column":4,"line":52},"end":{"column":20,"line":52}},"18":{"start":{"column":2,"line":58},"end":{"column":4,"line":62}},"19":{"start":{"column":4,"line":59},"end":{"column":34,"line":59}},"20":{"start":{"column":4,"line":60},"end":{"column":40,"line":60}},"21":{"start":{"column":4,"line":61},"end":{"column":41,"line":61}},"22":{"start":{"column":2,"line":65},"end":{"column":4,"line":89}},"23":{"start":{"column":4,"line":67},"end":{"column":27,"line":67}},"24":{"start":{"column":4,"line":69},"end":{"column":67,"line":69}},"25":{"start":{"column":4,"line":70},"end":{"column":97,"line":70}},"26":{"start":{"column":4,"line":71},"end":{"column":90,"line":71}},"27":{"start":{"column":4,"line":75},"end":{"column":7,"line":82}},"28":{"start":{"column":4,"line":85},"end":{"column":39,"line":85}},"29":{"start":{"column":4,"line":86},"end":{"column":22,"line":86}},"30":{"start":{"column":4,"line":87},"end":{"column":23,"line":87}},"31":{"start":{"column":4,"line":88},"end":{"column":25,"line":88}},"32":{"start":{"column":2,"line":92},"end":{"column":4,"line":121}},"33":{"start":{"column":4,"line":94},"end":{"column":46,"line":94}},"34":{"start":{"column":4,"line":95},"end":{"column":46,"line":95}},"35":{"start":{"column":4,"line":97},"end":{"column":5,"line":108}},"36":{"start":{"column":6,"line":99},"end":{"column":9,"line":106}},"37":{"start":{"column":6,"line":107},"end":{"column":39,"line":107}},"38":{"start":{"column":4,"line":109},"end":{"column":5,"line":120}},"39":{"start":{"column":6,"line":111},"end":{"column":9,"line":118}},"40":{"start":{"column":6,"line":119},"end":{"column":42,"line":119}}},"s":{"1":9,"2":18,"3":18,"4":18,"5":18,"6":18,"7":6,"8":6,"9":6,"10":18,"11":1,"12":1,"13":1,"14":18,"15":1,"16":1,"17":1,"18":18,"19":8,"20":8,"21":8,"22":18,"23":8,"24":8,"25":8,"26":8,"27":8,"28":8,"29":8,"30":8,"31":8,"32":18,"33":1,"34":1,"35":1,"36":0,"37":0,"38":1,"39":0,"40":0},"fnMap":{"1":{"name":"(anonymous_1)","loc":{"start":{"column":27,"line":12},"end":{"column":63,"line":12}},"line":12},"2":{"name":"(anonymous_2)","loc":{"start":{"column":15,"line":31},"end":{"column":27,"line":31}},"line":31},"3":{"name":"(anonymous_3)","loc":{"start":{"column":14,"line":40},"end":{"column":26,"line":40}},"line":40},"4":{"name":"(anonymous_4)","loc":{"start":{"column":17,"line":49},"end":{"column":29,"line":49}},"line":49},"5":{"name":"(anonymous_5)","loc":{"start":{"column":18,"line":58},"end":{"column":30,"line":58}},"line":58},"6":{"name":"(anonymous_6)","loc":{"start":{"column":22,"line":65},"end":{"column":36,"line":65}},"line":65},"7":{"name":"(anonymous_7)","loc":{"start":{"column":24,"line":92},"end":{"column":35,"line":92}},"line":92}},"f":{"1":18,"2":6,"3":1,"4":1,"5":8,"6":8,"7":1},"branchMap":{"1":{"locations":[{"start":{"column":4,"line":97},"end":{"column":4,"line":97}},{"start":{"column":4,"line":97},"end":{"column":4,"line":97}}],"type":"if","line":97},"2":{"locations":[{"start":{"column":4,"line":109},"end":{"column":4,"line":109}},{"start":{"column":4,"line":109},"end":{"column":4,"line":109}}],"type":"if","line":109}},"l":{"2":9,"14":18,"15":18,"23":18,"24":18,"31":18,"32":6,"33":6,"34":6,"40":18,"41":1,"42":1,"43":1,"49":18,"50":1,"51":1,"52":1,"58":18,"59":8,"60":8,"61":8,"65":18,"67":8,"69":8,"70":8,"71":8,"75":8,"85":8,"86":8,"87":8,"88":8,"92":18,"94":1,"95":1,"97":1,"99":0,"107":0,"109":1,"111":0,"119":0}}}
