{
"/Users/cokelas/Documents/Client/SmartCampus/www/js/markersCtrl.js":{"path":"/Users/cokelas/Documents/Client/SmartCampus/www/js/markersCtrl.js","b":{},"statementMap":{"1":{"start":{"column":0,"line":1},"end":{"column":3,"line":5}}},"s":{"1":9},"fnMap":{"1":{"name":"(anonymous_1)","loc":{"start":{"column":27,"line":3},"end":{"column":75,"line":3}},"line":3}},"f":{"1":0},"branchMap":{},"l":{"1":9}},
"/Users/cokelas/Documents/Client/SmartCampus/www/js/app.js":{"path":"/Users/cokelas/Documents/Client/SmartCampus/www/js/app.js","b":{"1":[0,8],"2":[0,8],"3":[0,8],"4":[0,8],"5":[0,8],"6":[0,1],"7":[0,1],"8":[0,1],"9":[0,1],"10":[0,1],"11":[0,1],"12":[0,1],"13":[0,1],"14":[560,0],"15":[0,9],"16":[9,0],"17":[0,9]},"statementMap":{"1":{"start":{"column":0,"line":6},"end":{"column":5,"line":245}},"2":{"start":{"column":4,"line":9},"end":{"column":7,"line":244}},"3":{"start":{"column":6,"line":13},"end":{"column":9,"line":29}},"4":{"start":{"column":6,"line":32},"end":{"column":46,"line":32}},"5":{"start":{"column":6,"line":35},"end":{"column":32,"line":35}},"6":{"start":{"column":6,"line":38},"end":{"column":35,"line":38}},"7":{"start":{"column":6,"line":41},"end":{"column":9,"line":46}},"8":{"start":{"column":6,"line":48},"end":{"column":8,"line":67}},"9":{"start":{"column":8,"line":50},"end":{"column":11,"line":66}},"10":{"start":{"column":10,"line":52},"end":{"column":33,"line":52}},"11":{"start":{"column":10,"line":53},"end":{"column":28,"line":53}},"12":{"start":{"column":10,"line":54},"end":{"column":11,"line":60}},"13":{"start":{"column":12,"line":55},"end":{"column":109,"line":55}},"14":{"start":{"column":12,"line":56},"end":{"column":15,"line":59}},"15":{"start":{"column":10,"line":61},"end":{"column":50,"line":61}},"16":{"start":{"column":10,"line":62},"end":{"column":34,"line":62}},"17":{"start":{"column":10,"line":65},"end":{"column":39,"line":65}},"18":{"start":{"column":6,"line":70},"end":{"column":8,"line":83}},"19":{"start":{"column":6,"line":86},"end":{"column":23,"line":86}},"20":{"start":{"column":6,"line":87},"end":{"column":23,"line":87}},"21":{"start":{"column":6,"line":89},"end":{"column":8,"line":130}},"22":{"start":{"column":8,"line":90},"end":{"column":24,"line":90}},"23":{"start":{"column":8,"line":91},"end":{"column":23,"line":91}},"24":{"start":{"column":8,"line":92},"end":{"column":23,"line":92}},"25":{"start":{"column":8,"line":93},"end":{"column":26,"line":93}},"26":{"start":{"column":8,"line":94},"end":{"column":48,"line":94}},"27":{"start":{"column":10,"line":96},"end":{"column":13,"line":103}},"28":{"start":{"column":10,"line":104},"end":{"column":13,"line":111}},"29":{"start":{"column":10,"line":112},"end":{"column":13,"line":119}},"30":{"start":{"column":10,"line":120},"end":{"column":13,"line":127}},"31":{"start":{"column":8,"line":128},"end":{"column":36,"line":128}},"32":{"start":{"column":6,"line":133},"end":{"column":8,"line":144}},"33":{"start":{"column":8,"line":134},"end":{"column":65,"line":135}},"34":{"start":{"column":8,"line":135},"end":{"column":65,"line":135}},"35":{"start":{"column":8,"line":136},"end":{"column":65,"line":137}},"36":{"start":{"column":8,"line":137},"end":{"column":65,"line":137}},"37":{"start":{"column":8,"line":138},"end":{"column":65,"line":139}},"38":{"start":{"column":8,"line":139},"end":{"column":65,"line":139}},"39":{"start":{"column":8,"line":140},"end":{"column":65,"line":141}},"40":{"start":{"column":8,"line":141},"end":{"column":65,"line":141}},"41":{"start":{"column":8,"line":142},"end":{"column":52,"line":143}},"42":{"start":{"column":8,"line":143},"end":{"column":52,"line":143}},"43":{"start":{"column":6,"line":147},"end":{"column":8,"line":157}},"44":{"start":{"column":8,"line":148},"end":{"column":11,"line":155}},"45":{"start":{"column":8,"line":156},"end":{"column":49,"line":156}},"46":{"start":{"column":6,"line":160},"end":{"column":8,"line":201}},"47":{"start":{"column":8,"line":163},"end":{"column":9,"line":173}},"48":{"start":{"column":10,"line":165},"end":{"column":51,"line":165}},"49":{"start":{"column":10,"line":166},"end":{"column":57,"line":166}},"50":{"start":{"column":10,"line":170},"end":{"column":11,"line":172}},"51":{"start":{"column":12,"line":171},"end":{"column":69,"line":171}},"52":{"start":{"column":8,"line":174},"end":{"column":9,"line":182}},"53":{"start":{"column":10,"line":175},"end":{"column":53,"line":175}},"54":{"start":{"column":10,"line":176},"end":{"column":59,"line":176}},"55":{"start":{"column":10,"line":179},"end":{"column":11,"line":181}},"56":{"start":{"column":12,"line":180},"end":{"column":69,"line":180}},"57":{"start":{"column":8,"line":183},"end":{"column":9,"line":191}},"58":{"start":{"column":10,"line":184},"end":{"column":49,"line":184}},"59":{"start":{"column":10,"line":185},"end":{"column":55,"line":185}},"60":{"start":{"column":10,"line":188},"end":{"column":11,"line":190}},"61":{"start":{"column":12,"line":189},"end":{"column":69,"line":189}},"62":{"start":{"column":8,"line":192},"end":{"column":9,"line":200}},"63":{"start":{"column":10,"line":193},"end":{"column":56,"line":193}},"64":{"start":{"column":10,"line":194},"end":{"column":62,"line":194}},"65":{"start":{"column":10,"line":197},"end":{"column":11,"line":199}},"66":{"start":{"column":12,"line":198},"end":{"column":69,"line":198}},"67":{"start":{"column":6,"line":203},"end":{"column":8,"line":211}},"68":{"start":{"column":8,"line":204},"end":{"column":63,"line":204}},"69":{"start":{"column":8,"line":206},"end":{"column":9,"line":210}},"70":{"start":{"column":10,"line":207},"end":{"column":11,"line":209}},"71":{"start":{"column":12,"line":208},"end":{"column":71,"line":208}},"72":{"start":{"column":6,"line":213},"end":{"column":8,"line":218}},"73":{"start":{"column":8,"line":215},"end":{"column":9,"line":217}},"74":{"start":{"column":10,"line":216},"end":{"column":54,"line":216}},"75":{"start":{"column":6,"line":221},"end":{"column":7,"line":225}},"76":{"start":{"column":8,"line":222},"end":{"column":51,"line":222}},"77":{"start":{"column":8,"line":223},"end":{"column":54,"line":223}},"78":{"start":{"column":8,"line":224},"end":{"column":20,"line":224}},"79":{"start":{"column":6,"line":227},"end":{"column":8,"line":229}},"80":{"start":{"column":8,"line":228},"end":{"column":51,"line":228}},"81":{"start":{"column":6,"line":231},"end":{"column":7,"line":240}},"82":{"start":{"column":8,"line":234},"end":{"column":64,"line":234}},"83":{"start":{"column":8,"line":239},"end":{"column":53,"line":239}},"84":{"start":{"column":6,"line":241},"end":{"column":7,"line":243}},"85":{"start":{"column":8,"line":242},"end":{"column":33,"line":242}}},"s":{"1":9,"2":9,"3":9,"4":9,"5":9,"6":9,"7":9,"8":9,"9":8,"10":8,"11":8,"12":8,"13":560,"14":560,"15":8,"16":8,"17":0,"18":9,"19":9,"20":9,"21":9,"22":8,"23":8,"24":8,"25":8,"26":8,"27":8,"28":8,"29":8,"30":8,"31":8,"32":9,"33":8,"34":0,"35":8,"36":0,"37":8,"38":0,"39":8,"40":0,"41":8,"42":0,"43":9,"44":8,"45":8,"46":9,"47":1,"48":0,"49":0,"50":1,"51":0,"52":1,"53":0,"54":0,"55":1,"56":0,"57":1,"58":0,"59":0,"60":1,"61":0,"62":1,"63":0,"64":0,"65":1,"66":0,"67":9,"68":8,"69":8,"70":560,"71":560,"72":9,"73":0,"74":0,"75":9,"76":0,"77":0,"78":0,"79":9,"80":0,"81":9,"82":0,"83":0,"84":9,"85":0},"fnMap":{"1":{"name":"(anonymous_1)","loc":{"start":{"column":7,"line":8},"end":{"column":61,"line":8}},"line":8},"2":{"name":"(anonymous_2)","loc":{"start":{"column":25,"line":9},"end":{"column":36,"line":9}},"line":9},"3":{"name":"(anonymous_3)","loc":{"start":{"column":22,"line":48},"end":{"column":33,"line":48}},"line":48},"4":{"name":"(anonymous_4)","loc":{"start":{"column":17,"line":51},"end":{"column":57,"line":51}},"line":51},"5":{"name":"(anonymous_5)","loc":{"start":{"column":15,"line":64},"end":{"column":56,"line":64}},"line":64},"6":{"name":"(anonymous_6)","loc":{"start":{"column":20,"line":89},"end":{"column":31,"line":89}},"line":89},"7":{"name":"(anonymous_7)","loc":{"start":{"column":21,"line":133},"end":{"column":31,"line":133}},"line":133},"8":{"name":"(anonymous_8)","loc":{"start":{"column":24,"line":147},"end":{"column":35,"line":147}},"line":147},"9":{"name":"(anonymous_9)","loc":{"start":{"column":21,"line":160},"end":{"column":32,"line":160}},"line":160},"10":{"name":"(anonymous_10)","loc":{"start":{"column":23,"line":203},"end":{"column":46,"line":203}},"line":203},"11":{"name":"(anonymous_11)","loc":{"start":{"column":24,"line":213},"end":{"column":47,"line":213}},"line":213},"12":{"name":"onClick","loc":{"start":{"column":6,"line":221},"end":{"column":26,"line":221}},"line":221},"13":{"name":"(anonymous_13)","loc":{"start":{"column":18,"line":227},"end":{"column":28,"line":227}},"line":227}},"f":{"1":9,"2":9,"3":8,"4":8,"5":0,"6":8,"7":8,"8":8,"9":1,"10":8,"11":0,"12":0,"13":0},"branchMap":{"1":{"locations":[{"start":{"column":8,"line":134},"end":{"column":8,"line":134}},{"start":{"column":8,"line":134},"end":{"column":8,"line":134}}],"type":"if","line":134},"2":{"locations":[{"start":{"column":8,"line":136},"end":{"column":8,"line":136}},{"start":{"column":8,"line":136},"end":{"column":8,"line":136}}],"type":"if","line":136},"3":{"locations":[{"start":{"column":8,"line":138},"end":{"column":8,"line":138}},{"start":{"column":8,"line":138},"end":{"column":8,"line":138}}],"type":"if","line":138},"4":{"locations":[{"start":{"column":8,"line":140},"end":{"column":8,"line":140}},{"start":{"column":8,"line":140},"end":{"column":8,"line":140}}],"type":"if","line":140},"5":{"locations":[{"start":{"column":8,"line":142},"end":{"column":8,"line":142}},{"start":{"column":8,"line":142},"end":{"column":8,"line":142}}],"type":"if","line":142},"6":{"locations":[{"start":{"column":8,"line":163},"end":{"column":8,"line":163}},{"start":{"column":8,"line":163},"end":{"column":8,"line":163}}],"type":"if","line":163},"7":{"locations":[{"start":{"column":10,"line":170},"end":{"column":10,"line":170}},{"start":{"column":10,"line":170},"end":{"column":10,"line":170}}],"type":"if","line":170},"8":{"locations":[{"start":{"column":8,"line":174},"end":{"column":8,"line":174}},{"start":{"column":8,"line":174},"end":{"column":8,"line":174}}],"type":"if","line":174},"9":{"locations":[{"start":{"column":10,"line":179},"end":{"column":10,"line":179}},{"start":{"column":10,"line":179},"end":{"column":10,"line":179}}],"type":"if","line":179},"10":{"locations":[{"start":{"column":8,"line":183},"end":{"column":8,"line":183}},{"start":{"column":8,"line":183},"end":{"column":8,"line":183}}],"type":"if","line":183},"11":{"locations":[{"start":{"column":10,"line":188},"end":{"column":10,"line":188}},{"start":{"column":10,"line":188},"end":{"column":10,"line":188}}],"type":"if","line":188},"12":{"locations":[{"start":{"column":8,"line":192},"end":{"column":8,"line":192}},{"start":{"column":8,"line":192},"end":{"column":8,"line":192}}],"type":"if","line":192},"13":{"locations":[{"start":{"column":10,"line":197},"end":{"column":10,"line":197}},{"start":{"column":10,"line":197},"end":{"column":10,"line":197}}],"type":"if","line":197},"14":{"locations":[{"start":{"column":10,"line":207},"end":{"column":10,"line":207}},{"start":{"column":10,"line":207},"end":{"column":10,"line":207}}],"type":"if","line":207},"15":{"locations":[{"start":{"column":6,"line":231},"end":{"column":6,"line":231}},{"start":{"column":6,"line":231},"end":{"column":6,"line":231}}],"type":"if","line":231},"16":{"locations":[{"start":{"column":10,"line":231},"end":{"column":24,"line":231}},{"start":{"column":28,"line":231},"end":{"column":59,"line":231}}],"type":"binary-expr","line":231},"17":{"locations":[{"start":{"column":6,"line":241},"end":{"column":6,"line":241}},{"start":{"column":6,"line":241},"end":{"column":6,"line":241}}],"type":"if","line":241}},"l":{"6":9,"9":9,"13":9,"32":9,"35":9,"38":9,"41":9,"48":9,"50":8,"52":8,"53":8,"54":8,"55":560,"56":560,"61":8,"62":8,"65":0,"70":9,"86":9,"87":9,"89":9,"90":8,"91":8,"92":8,"93":8,"94":8,"96":8,"104":8,"112":8,"120":8,"128":8,"133":9,"134":8,"135":0,"136":8,"137":0,"138":8,"139":0,"140":8,"141":0,"142":8,"143":0,"147":9,"148":8,"156":8,"160":9,"163":1,"165":0,"166":0,"170":1,"171":0,"174":1,"175":0,"176":0,"179":1,"180":0,"183":1,"184":0,"185":0,"188":1,"189":0,"192":1,"193":0,"194":0,"197":1,"198":0,"203":9,"204":8,"206":8,"207":560,"208":560,"213":9,"215":0,"216":0,"221":9,"222":0,"223":0,"224":0,"227":9,"228":0,"231":9,"234":0,"239":0,"241":9,"242":0}},
"/Users/cokelas/Documents/Client/SmartCampus/www/js/misc.js":{"path":"/Users/cokelas/Documents/Client/SmartCampus/www/js/misc.js","b":{"1":[0,0]},"statementMap":{"1":{"start":{"column":0,"line":1},"end":{"column":3,"line":41}},"2":{"start":{"column":2,"line":8},"end":{"column":4,"line":40}},"3":{"start":{"column":4,"line":9},"end":{"column":7,"line":39}},"4":{"start":{"column":8,"line":24},"end":{"column":33,"line":24}},"5":{"start":{"column":8,"line":27},"end":{"column":9,"line":35}},"6":{"start":{"column":10,"line":28},"end":{"column":40,"line":28}},"7":{"start":{"column":10,"line":29},"end":{"column":51,"line":29}},"8":{"start":{"column":10,"line":30},"end":{"column":24,"line":30}},"9":{"start":{"column":10,"line":31},"end":{"column":19,"line":33}},"10":{"start":{"column":12,"line":32},"end":{"column":27,"line":32}},"11":{"start":{"column":8,"line":36},"end":{"column":79,"line":36}},"12":{"start":{"column":8,"line":37},"end":{"column":20,"line":37}}},"s":{"1":9,"2":9,"3":1,"4":0,"5":0,"6":0,"7":0,"8":0,"9":0,"10":0,"11":0,"12":0},"fnMap":{"1":{"name":"(anonymous_1)","loc":{"start":{"column":23,"line":6},"end":{"column":81,"line":6}},"line":6},"2":{"name":"(anonymous_2)","loc":{"start":{"column":27,"line":8},"end":{"column":38,"line":8}},"line":8},"3":{"name":"(anonymous_3)","loc":{"start":{"column":14,"line":23},"end":{"column":25,"line":23}},"line":23},"4":{"name":"(anonymous_4)","loc":{"start":{"column":21,"line":26},"end":{"column":37,"line":26}},"line":26},"5":{"name":"(anonymous_5)","loc":{"start":{"column":19,"line":31},"end":{"column":29,"line":31}},"line":31}},"f":{"1":9,"2":1,"3":0,"4":0,"5":0},"branchMap":{"1":{"locations":[{"start":{"column":8,"line":27},"end":{"column":8,"line":27}},{"start":{"column":8,"line":27},"end":{"column":8,"line":27}}],"type":"if","line":27}},"l":{"1":9,"8":9,"9":1,"24":0,"27":0,"28":0,"29":0,"30":0,"31":0,"32":0,"36":0,"37":0}},
"/Users/cokelas/Documents/Client/SmartCampus/www/js/menus.js":{"path":"/Users/cokelas/Documents/Client/SmartCampus/www/js/menus.js","b":{},"statementMap":{"1":{"start":{"column":0,"line":1},"end":{"column":3,"line":116}},"2":{"start":{"column":2,"line":4},"end":{"column":5,"line":9}},"3":{"start":{"column":4,"line":8},"end":{"column":25,"line":8}},"4":{"start":{"column":2,"line":11},"end":{"column":4,"line":13}},"5":{"start":{"column":4,"line":12},"end":{"column":24,"line":12}},"6":{"start":{"column":2,"line":14},"end":{"column":4,"line":16}},"7":{"start":{"column":4,"line":15},"end":{"column":24,"line":15}},"8":{"start":{"column":2,"line":18},"end":{"column":4,"line":27}},"9":{"start":{"column":4,"line":19},"end":{"column":26,"line":19}},"10":{"start":{"column":2,"line":30},"end":{"column":5,"line":32}},"11":{"start":{"column":4,"line":31},"end":{"column":26,"line":31}},"12":{"start":{"column":2,"line":34},"end":{"column":5,"line":36}},"13":{"start":{"column":2,"line":38},"end":{"column":5,"line":40}},"14":{"start":{"column":2,"line":44},"end":{"column":4,"line":51}},"15":{"start":{"column":2,"line":53},"end":{"column":5,"line":58}},"16":{"start":{"column":4,"line":57},"end":{"column":25,"line":57}},"17":{"start":{"column":2,"line":62},"end":{"column":4,"line":64}},"18":{"start":{"column":4,"line":63},"end":{"column":24,"line":63}},"19":{"start":{"column":2,"line":65},"end":{"column":4,"line":67}},"20":{"start":{"column":4,"line":66},"end":{"column":24,"line":66}},"21":{"start":{"column":2,"line":70},"end":{"column":5,"line":72}},"22":{"start":{"column":4,"line":71},"end":{"column":26,"line":71}},"23":{"start":{"column":2,"line":74},"end":{"column":5,"line":76}},"24":{"start":{"column":2,"line":78},"end":{"column":5,"line":80}},"25":{"start":{"column":2,"line":84},"end":{"column":5,"line":90}},"26":{"start":{"column":4,"line":89},"end":{"column":25,"line":89}},"27":{"start":{"column":2,"line":92},"end":{"column":4,"line":96}},"28":{"start":{"column":4,"line":94},"end":{"column":38,"line":94}},"29":{"start":{"column":4,"line":95},"end":{"column":24,"line":95}},"30":{"start":{"column":2,"line":97},"end":{"column":4,"line":102}},"31":{"start":{"column":4,"line":99},"end":{"column":38,"line":99}},"32":{"start":{"column":4,"line":100},"end":{"column":24,"line":100}},"33":{"start":{"column":4,"line":101},"end":{"column":19,"line":101}},"34":{"start":{"column":2,"line":105},"end":{"column":5,"line":107}},"35":{"start":{"column":4,"line":106},"end":{"column":26,"line":106}},"36":{"start":{"column":2,"line":109},"end":{"column":5,"line":111}},"37":{"start":{"column":2,"line":113},"end":{"column":5,"line":115}}},"s":{"1":9,"2":9,"3":9,"4":9,"5":2,"6":9,"7":1,"8":9,"9":0,"10":9,"11":0,"12":9,"13":9,"14":0,"15":0,"16":0,"17":0,"18":0,"19":0,"20":0,"21":0,"22":0,"23":0,"24":0,"25":9,"26":9,"27":9,"28":2,"29":2,"30":9,"31":1,"32":1,"33":1,"34":9,"35":0,"36":9,"37":9},"fnMap":{"1":{"name":"(anonymous_1)","loc":{"start":{"column":32,"line":3},"end":{"column":69,"line":3}},"line":3},"2":{"name":"(anonymous_2)","loc":{"start":{"column":10,"line":7},"end":{"column":26,"line":7}},"line":7},"3":{"name":"(anonymous_3)","loc":{"start":{"column":21,"line":11},"end":{"column":32,"line":11}},"line":11},"4":{"name":"(anonymous_4)","loc":{"start":{"column":22,"line":14},"end":{"column":33,"line":14}},"line":14},"5":{"name":"(anonymous_5)","loc":{"start":{"column":25,"line":18},"end":{"column":50,"line":18}},"line":18},"6":{"name":"(anonymous_6)","loc":{"start":{"column":25,"line":30},"end":{"column":36,"line":30}},"line":30},"7":{"name":"(anonymous_7)","loc":{"start":{"column":29,"line":34},"end":{"column":40,"line":34}},"line":34},"8":{"name":"(anonymous_8)","loc":{"start":{"column":30,"line":38},"end":{"column":41,"line":38}},"line":38},"9":{"name":"(anonymous_9)","loc":{"start":{"column":39,"line":43},"end":{"column":69,"line":43}},"line":43},"10":{"name":"(anonymous_10)","loc":{"start":{"column":10,"line":56},"end":{"column":26,"line":56}},"line":56},"11":{"name":"(anonymous_11)","loc":{"start":{"column":21,"line":62},"end":{"column":32,"line":62}},"line":62},"12":{"name":"(anonymous_12)","loc":{"start":{"column":22,"line":65},"end":{"column":33,"line":65}},"line":65},"13":{"name":"(anonymous_13)","loc":{"start":{"column":25,"line":70},"end":{"column":36,"line":70}},"line":70},"14":{"name":"(anonymous_14)","loc":{"start":{"column":29,"line":74},"end":{"column":40,"line":74}},"line":74},"15":{"name":"(anonymous_15)","loc":{"start":{"column":30,"line":78},"end":{"column":41,"line":78}},"line":78},"16":{"name":"(anonymous_16)","loc":{"start":{"column":29,"line":83},"end":{"column":71,"line":83}},"line":83},"17":{"name":"(anonymous_17)","loc":{"start":{"column":10,"line":88},"end":{"column":26,"line":88}},"line":88},"18":{"name":"(anonymous_18)","loc":{"start":{"column":21,"line":92},"end":{"column":32,"line":92}},"line":92},"19":{"name":"(anonymous_19)","loc":{"start":{"column":22,"line":97},"end":{"column":33,"line":97}},"line":97},"20":{"name":"(anonymous_20)","loc":{"start":{"column":25,"line":105},"end":{"column":36,"line":105}},"line":105},"21":{"name":"(anonymous_21)","loc":{"start":{"column":29,"line":109},"end":{"column":40,"line":109}},"line":109},"22":{"name":"(anonymous_22)","loc":{"start":{"column":30,"line":113},"end":{"column":41,"line":113}},"line":113}},"f":{"1":9,"2":9,"3":2,"4":1,"5":0,"6":0,"7":1,"8":0,"9":0,"10":0,"11":0,"12":0,"13":0,"14":0,"15":0,"16":9,"17":9,"18":2,"19":1,"20":0,"21":1,"22":0},"branchMap":{},"l":{"1":9,"4":9,"8":9,"11":9,"12":2,"14":9,"15":1,"18":9,"19":0,"30":9,"31":0,"34":9,"38":9,"44":0,"53":0,"57":0,"62":0,"63":0,"65":0,"66":0,"70":0,"71":0,"74":0,"78":0,"84":9,"89":9,"92":9,"94":2,"95":2,"97":9,"99":1,"100":1,"101":1,"105":9,"106":0,"109":9,"113":9}},
"/Users/cokelas/Documents/Client/SmartCampus/www/js/ButtonsCtrl.js":{"path":"/Users/cokelas/Documents/Client/SmartCampus/www/js/ButtonsCtrl.js","b":{"1":[0,0],"2":[0,0]},"statementMap":{"1":{"start":{"column":0,"line":2},"end":{"column":3,"line":135}},"2":{"start":{"column":2,"line":9},"end":{"column":5,"line":14}},"3":{"start":{"column":4,"line":13},"end":{"column":25,"line":13}},"4":{"start":{"column":2,"line":15},"end":{"column":4,"line":17}},"5":{"start":{"column":4,"line":16},"end":{"column":24,"line":16}},"6":{"start":{"column":2,"line":18},"end":{"column":4,"line":21}},"7":{"start":{"column":4,"line":19},"end":{"column":24,"line":19}},"8":{"start":{"column":4,"line":20},"end":{"column":18,"line":20}},"9":{"start":{"column":2,"line":23},"end":{"column":5,"line":25}},"10":{"start":{"column":4,"line":24},"end":{"column":26,"line":24}},"11":{"start":{"column":2,"line":27},"end":{"column":5,"line":29}},"12":{"start":{"column":2,"line":31},"end":{"column":5,"line":33}},"13":{"start":{"column":2,"line":36},"end":{"column":22,"line":36}},"14":{"start":{"column":2,"line":37},"end":{"column":22,"line":37}},"15":{"start":{"column":2,"line":39},"end":{"column":31,"line":39}},"16":{"start":{"column":2,"line":40},"end":{"column":21,"line":40}},"17":{"start":{"column":2,"line":43},"end":{"column":220,"line":43}},"18":{"start":{"column":2,"line":48},"end":{"column":4,"line":53}},"19":{"start":{"column":4,"line":49},"end":{"column":34,"line":49}},"20":{"start":{"column":4,"line":50},"end":{"column":26,"line":50}},"21":{"start":{"column":4,"line":51},"end":{"column":27,"line":51}},"22":{"start":{"column":4,"line":52},"end":{"column":18,"line":52}},"23":{"start":{"column":2,"line":56},"end":{"column":4,"line":94}},"24":{"start":{"column":4,"line":58},"end":{"column":27,"line":58}},"25":{"start":{"column":4,"line":60},"end":{"column":67,"line":60}},"26":{"start":{"column":4,"line":61},"end":{"column":97,"line":61}},"27":{"start":{"column":4,"line":63},"end":{"column":47,"line":65}},"28":{"start":{"column":4,"line":67},"end":{"column":130,"line":67}},"29":{"start":{"column":4,"line":71},"end":{"column":52,"line":71}},"30":{"start":{"column":4,"line":74},"end":{"column":7,"line":76}},"31":{"start":{"column":6,"line":75},"end":{"column":51,"line":75}},"32":{"start":{"column":4,"line":80},"end":{"column":106,"line":80}},"33":{"start":{"column":4,"line":81},"end":{"column":22,"line":81}},"34":{"start":{"column":4,"line":83},"end":{"column":25,"line":83}},"35":{"start":{"column":4,"line":86},"end":{"column":53,"line":86}},"36":{"start":{"column":4,"line":87},"end":{"column":6,"line":91}},"37":{"start":{"column":6,"line":88},"end":{"column":55,"line":88}},"38":{"start":{"column":6,"line":89},"end":{"column":290,"line":89}},"39":{"start":{"column":6,"line":90},"end":{"column":17,"line":90}},"40":{"start":{"column":4,"line":92},"end":{"column":33,"line":92}},"41":{"start":{"column":2,"line":96},"end":{"column":5,"line":108}},"42":{"start":{"column":4,"line":98},"end":{"column":7,"line":107}},"43":{"start":{"column":6,"line":100},"end":{"column":38,"line":100}},"44":{"start":{"column":6,"line":101},"end":{"column":24,"line":101}},"45":{"start":{"column":6,"line":102},"end":{"column":26,"line":102}},"46":{"start":{"column":6,"line":103},"end":{"column":26,"line":103}},"47":{"start":{"column":6,"line":106},"end":{"column":35,"line":106}},"48":{"start":{"column":2,"line":110},"end":{"column":3,"line":119}},"49":{"start":{"column":4,"line":112},"end":{"column":7,"line":118}},"50":{"start":{"column":6,"line":114},"end":{"column":44,"line":114}},"51":{"start":{"column":6,"line":117},"end":{"column":57,"line":117}},"52":{"start":{"column":2,"line":121},"end":{"column":4,"line":126}},"53":{"start":{"column":4,"line":122},"end":{"column":46,"line":122}},"54":{"start":{"column":4,"line":123},"end":{"column":5,"line":125}},"55":{"start":{"column":6,"line":124},"end":{"column":48,"line":124}},"56":{"start":{"column":2,"line":128},"end":{"column":4,"line":133}},"57":{"start":{"column":4,"line":129},"end":{"column":46,"line":129}},"58":{"start":{"column":4,"line":130},"end":{"column":5,"line":132}},"59":{"start":{"column":6,"line":131},"end":{"column":48,"line":131}}},"s":{"1":9,"2":9,"3":9,"4":9,"5":0,"6":9,"7":0,"8":0,"9":9,"10":0,"11":9,"12":9,"13":9,"14":9,"15":9,"16":9,"17":9,"18":9,"19":8,"20":8,"21":8,"22":8,"23":9,"24":8,"25":8,"26":8,"27":8,"28":8,"29":8,"30":8,"31":0,"32":8,"33":8,"34":8,"35":8,"36":8,"37":8,"38":8,"39":8,"40":8,"41":9,"42":0,"43":0,"44":0,"45":0,"46":0,"47":0,"48":9,"49":0,"50":0,"51":0,"52":9,"53":0,"54":0,"55":0,"56":9,"57":0,"58":0,"59":0},"fnMap":{"1":{"name":"(anonymous_1)","loc":{"start":{"column":27,"line":7},"end":{"column":83,"line":7}},"line":7},"2":{"name":"(anonymous_2)","loc":{"start":{"column":10,"line":12},"end":{"column":26,"line":12}},"line":12},"3":{"name":"(anonymous_3)","loc":{"start":{"column":21,"line":15},"end":{"column":32,"line":15}},"line":15},"4":{"name":"(anonymous_4)","loc":{"start":{"column":22,"line":18},"end":{"column":33,"line":18}},"line":18},"5":{"name":"(anonymous_5)","loc":{"start":{"column":25,"line":23},"end":{"column":36,"line":23}},"line":23},"6":{"name":"(anonymous_6)","loc":{"start":{"column":29,"line":27},"end":{"column":40,"line":27}},"line":27},"7":{"name":"(anonymous_7)","loc":{"start":{"column":30,"line":31},"end":{"column":41,"line":31}},"line":31},"8":{"name":"(anonymous_8)","loc":{"start":{"column":16,"line":48},"end":{"column":31,"line":48}},"line":48},"9":{"name":"(anonymous_9)","loc":{"start":{"column":22,"line":56},"end":{"column":36,"line":56}},"line":56},"10":{"name":"(anonymous_10)","loc":{"start":{"column":19,"line":74},"end":{"column":30,"line":74}},"line":74},"11":{"name":"(anonymous_11)","loc":{"start":{"column":19,"line":87},"end":{"column":34,"line":87}},"line":87},"12":{"name":"(anonymous_12)","loc":{"start":{"column":34,"line":96},"end":{"column":46,"line":96}},"line":96},"13":{"name":"(anonymous_13)","loc":{"start":{"column":13,"line":99},"end":{"column":53,"line":99}},"line":99},"14":{"name":"(anonymous_14)","loc":{"start":{"column":11,"line":105},"end":{"column":52,"line":105}},"line":105},"15":{"name":"updateSpace","loc":{"start":{"column":2,"line":110},"end":{"column":24,"line":110}},"line":110},"16":{"name":"(anonymous_16)","loc":{"start":{"column":13,"line":113},"end":{"column":53,"line":113}},"line":113},"17":{"name":"(anonymous_17)","loc":{"start":{"column":11,"line":116},"end":{"column":52,"line":116}},"line":116},"18":{"name":"(anonymous_18)","loc":{"start":{"column":27,"line":121},"end":{"column":38,"line":121}},"line":121},"19":{"name":"(anonymous_19)","loc":{"start":{"column":27,"line":128},"end":{"column":38,"line":128}},"line":128}},"f":{"1":9,"2":9,"3":0,"4":0,"5":0,"6":0,"7":0,"8":8,"9":8,"10":0,"11":8,"12":0,"13":0,"14":0,"15":0,"16":0,"17":0,"18":0,"19":0},"branchMap":{"1":{"locations":[{"start":{"column":4,"line":123},"end":{"column":4,"line":123}},{"start":{"column":4,"line":123},"end":{"column":4,"line":123}}],"type":"if","line":123},"2":{"locations":[{"start":{"column":4,"line":130},"end":{"column":4,"line":130}},{"start":{"column":4,"line":130},"end":{"column":4,"line":130}}],"type":"if","line":130}},"l":{"2":9,"9":9,"13":9,"15":9,"16":0,"18":9,"19":0,"20":0,"23":9,"24":0,"27":9,"31":9,"36":9,"37":9,"39":9,"40":9,"43":9,"48":9,"49":8,"50":8,"51":8,"52":8,"56":9,"58":8,"60":8,"61":8,"63":8,"67":8,"71":8,"74":8,"75":0,"80":8,"81":8,"83":8,"86":8,"87":8,"88":8,"89":8,"90":8,"92":8,"96":9,"98":0,"100":0,"101":0,"102":0,"103":0,"106":0,"110":9,"112":0,"114":0,"117":0,"121":9,"122":0,"123":0,"124":0,"128":9,"129":0,"130":0,"131":0}}}
